[INFO] Scanning for projects...
[INFO] 
[INFO] --------------------< br.com.sigla:sigla-interface >--------------------
[INFO] Building SIGLA - Desktop 0.1.0-SNAPSHOT
[INFO]   from pom.xml
[INFO] --------------------------------[ jar ]---------------------------------
[INFO] 
[INFO] >>> spring-boot:4.0.3:run (default-cli) > test-compile @ sigla-interface >>>
[INFO] 
[INFO] --- resources:3.3.1:resources (default-resources) @ sigla-interface ---
[INFO] Copying 35 resources from src\main\resources to target\classes
[INFO] 
[INFO] --- compiler:3.15.0:compile (default-compile) @ sigla-interface ---
[INFO] Nothing to compile - all classes are up to date.
[INFO] 
[INFO] --- resources:3.3.1:testResources (default-testResources) @ sigla-interface ---
[INFO] skip non existing resourceDirectory D:\SIGLA\sigla-interface\src\test\resources
[INFO] 
[INFO] --- compiler:3.15.0:testCompile (default-testCompile) @ sigla-interface ---
[INFO] Nothing to compile - all classes are up to date.
[INFO] 
[INFO] <<< spring-boot:4.0.3:run (default-cli) < test-compile @ sigla-interface <<<
[INFO] 
[INFO] 
[INFO] --- spring-boot:4.0.3:run (default-cli) @ sigla-interface ---
[INFO] Attaching agents: []
mai. 25, 2026 4:12:13 PM com.sun.javafx.application.PlatformImpl startup
WARNING: Unsupported JavaFX configuration: classes were loaded from 'unnamed module @3915cac3'

  .   ____          _            __ _ _
 /\\ / ___'_ __ _ _(_)_ __  __ _ \ \ \ \
( ( )\___ | '_ | '_| | '_ \/ _` | \ \ \ \
 \\/  ___)| |_)| | | | | || (_| |  ) ) ) )
  '  |____| .__|_| |_|_| |_\__, | / / / /
 =========|_|==============|___/=/_/_/_/

 :: Spring Boot ::                (v4.0.3)

2026-05-25 16:12:14 INFO  o.s.boot.SpringApplication - Starting application using Java 25.0.1 with PID 22492 (started by estef in D:\SIGLA\sigla-interface)
2026-05-25 16:12:14 INFO  o.s.boot.SpringApplication - No active profile set, falling back to 1 default profile: "dev"
2026-05-25 16:12:14 INFO  o.s.d.r.c.RepositoryConfigurationDelegate - Bootstrapping Spring Data JPA repositories in DEFAULT mode.
2026-05-25 16:12:15 INFO  o.s.d.r.c.RepositoryConfigurationDelegate - Finished Spring Data repository scanning in 51 ms. Found 14 JPA repository interfaces.
2026-05-25 16:12:15 INFO  com.zaxxer.hikari.HikariDataSource - HikariPool-1 - Starting...
2026-05-25 16:12:18 INFO  com.zaxxer.hikari.pool.HikariPool - HikariPool-1 - Added connection org.postgresql.jdbc.PgConnection@7c5f4f93
2026-05-25 16:12:18 INFO  com.zaxxer.hikari.HikariDataSource - HikariPool-1 - Start completed.
2026-05-25 16:12:18 INFO  org.flywaydb.core.FlywayExecutor - Database: jdbc:postgresql://db.jhderjgvzaxgzvcbkeol.supabase.co:5432/postgres?sslmode=require (PostgreSQL 17.6)
2026-05-25 16:12:21 INFO  o.f.core.internal.command.DbValidate - Successfully validated 9 migrations (execution time 00:00.982s)
2026-05-25 16:12:24 INFO  o.f.core.internal.command.DbMigrate - Current version of schema "public": 8
2026-05-25 16:12:25 INFO  o.f.core.internal.command.DbMigrate - Schema "public" is up to date. No migration necessary.
2026-05-25 16:12:26 INFO  org.hibernate.orm.jpa - HHH008540: Processing PersistenceUnitInfo [name: default]
2026-05-25 16:12:26 INFO  org.hibernate.orm.core - HHH000001: Hibernate ORM core version 7.2.4.Final
2026-05-25 16:12:27 INFO  o.s.o.j.p.SpringPersistenceUnitInfo - No LoadTimeWeaver setup: ignoring JPA class transformer
2026-05-25 16:12:28 INFO  o.hibernate.orm.connections.pooling - HHH10001005: Database info:
	Database JDBC URL [jdbc:postgresql://db.jhderjgvzaxgzvcbkeol.supabase.co:5432/postgres?sslmode=require]
	Database driver: PostgreSQL JDBC Driver
	Database dialect: PostgreSQLDialect
	Database version: 17.6
	Default catalog/schema: postgres/public
	Autocommit mode: undefined/unknown
	Isolation level: READ_COMMITTED [default READ_COMMITTED]
	JDBC fetch size: none
	Pool: DataSourceConnectionProvider
	Minimum pool size: undefined/unknown
	Maximum pool size: undefined/unknown
2026-05-25 16:12:29 INFO  org.hibernate.orm.core - HHH000489: No JTA platform available (set 'hibernate.transaction.jta.platform' to enable JTA platform integration)
2026-05-25 16:12:29 INFO  o.s.o.j.LocalContainerEntityManagerFactoryBean - Initialized JPA EntityManagerFactory for persistence unit 'default'
2026-05-25 16:12:29 INFO  o.s.d.j.r.q.QueryEnhancerFactories - Hibernate is in classpath; If applicable, HQL parser will be used.
2026-05-25 16:12:30 INFO  o.s.boot.SpringApplication - Started application in 16.63 seconds (process running for 17.397)
