[INFO] Scanning for projects...
[INFO] 
[INFO] --------------------< br.com.sigla:sigla-interface >--------------------
[INFO] Building SIGLA - Desktop 0.1.0-SNAPSHOT
[INFO]   from pom.xml
[INFO] --------------------------------[ jar ]---------------------------------
[INFO] 
[INFO] >>> spring-boot:4.0.3:run (default-cli) > test-compile @ sigla-interface >>>
[INFO] 
[INFO] --- resources:3.3.1:resources (default-resources) @ sigla-interface ---
[INFO] Copying 30 resources from src\main\resources to target\classes
[INFO] 
[INFO] --- compiler:3.13.0:compile (default-compile) @ sigla-interface ---
[INFO] Nothing to compile - all classes are up to date.
[INFO] 
[INFO] --- resources:3.3.1:testResources (default-testResources) @ sigla-interface ---
[INFO] skip non existing resourceDirectory D:\SIGLA\sigla-interface\src\test\resources
[INFO] 
[INFO] --- compiler:3.13.0:testCompile (default-testCompile) @ sigla-interface ---
[INFO] Nothing to compile - all classes are up to date.
[INFO] 
[INFO] <<< spring-boot:4.0.3:run (default-cli) < test-compile @ sigla-interface <<<
[INFO] 
[INFO] 
[INFO] --- spring-boot:4.0.3:run (default-cli) @ sigla-interface ---
[INFO] Attaching agents: []
abr. 22, 2026 9:16:11 AM com.sun.javafx.application.PlatformImpl startup
WARNING: Unsupported JavaFX configuration: classes were loaded from 'unnamed module @3915cac3'

  .   ____          _            __ _ _
 /\\ / ___'_ __ _ _(_)_ __  __ _ \ \ \ \
( ( )\___ | '_ | '_| | '_ \/ _` | \ \ \ \
 \\/  ___)| |_)| | | | | || (_| |  ) ) ) )
  '  |____| .__|_| |_|_| |_\__, | / / / /
 =========|_|==============|___/=/_/_/_/

 :: Spring Boot ::                (v4.0.3)

2026-04-22 09:16:12 INFO  o.s.boot.SpringApplication - Starting application using Java 25.0.1 with PID 17380 (started by estef in D:\SIGLA\sigla-interface)
2026-04-22 09:16:12 INFO  o.s.boot.SpringApplication - No active profile set, falling back to 1 default profile: "dev"
2026-04-22 09:16:13 INFO  o.s.boot.SpringApplication - Started application in 1.063 seconds (process running for 1.674)
[INFO] ------------------------------------------------------------------------
[INFO] BUILD SUCCESS
[INFO] ------------------------------------------------------------------------
[INFO] Total time:  01:04 min
[INFO] Finished at: 2026-04-22T09:17:14-03:00
[INFO] ------------------------------------------------------------------------
